# JRE version: OpenJDK Runtime Environment (11.0.8+10) (build 11.0.8+10-b944.6842174)
# Java VM: OpenJDK 64-Bit Server VM (11.0.8+10-b944.6842174, mixed mode, tiered, compressed oops, g1 gc, windows-amd64)
Heap:
 garbage-first heap   total 353280K, used 105308K [0x0000000080000000, 0x0000000100000000)
  region size 1024K, 2 young (2048K), 2 survivors (2048K)
 Metaspace       used 112342K, capacity 115629K, committed 115968K, reserved 1148928K
  class space    used 14694K, capacity 16011K, committed 16128K, reserved 1048576K
GC Heap History (20 events):
Event: 15.116 GC heap after
{Heap after GC invocations=34 (full 0):
 garbage-first heap   total 118784K, used 60380K [0x0000000080000000, 0x0000000100000000)
  region size 1024K, 4 young (4096K), 4 survivors (4096K)
 Metaspace       used 74744K, capacity 76378K, committed 76416K, reserved 1116160K
  class space    used 9768K, capacity 10346K, committed 10368K, reserved 1048576K
}
Event: 17.210 GC heap before
{Heap before GC invocations=34 (full 0):
 garbage-first heap   total 118784K, used 92124K [0x0000000080000000, 0x0000000100000000)
  region size 1024K, 36 young (36864K), 4 survivors (4096K)
 Metaspace       used 77941K, capacity 79739K, committed 80000K, reserved 1118208K
  class space    used 10169K, capacity 10826K, committed 10880K, reserved 1048576K
}
Event: 17.270 GC heap after
{Heap after GC invocations=35 (full 0):
 garbage-first heap   total 118784K, used 62885K [0x0000000080000000, 0x0000000100000000)
  region size 1024K, 3 young (3072K), 3 survivors (3072K)
 Metaspace       used 77941K, capacity 79739K, committed 80000K, reserved 1118208K
  class space    used 10169K, capacity 10826K, committed 10880K, reserved 1048576K
}
Event: 18.096 GC heap before
{Heap before GC invocations=36 (full 0):
 garbage-first heap   total 118784K, used 93605K [0x0000000080000000, 0x0000000100000000)
  region size 1024K, 34 young (34816K), 3 survivors (3072K)
 Metaspace       used 78186K, capacity 80011K, committed 80256K, reserved 1118208K
  class space    used 10174K, capacity 10829K, committed 10880K, reserved 1048576K
}
Event: 18.111 GC heap after
{Heap after GC invocations=37 (full 0):
 garbage-first heap   total 184320K, used 64572K [0x0000000080000000, 0x0000000100000000)
  region size 1024K, 5 young (5120K), 5 survivors (5120K)
 Metaspace       used 78186K, capacity 80011K, committed 80256K, reserved 1118208K
  class space    used 10174K, capacity 10829K, committed 10880K, reserved 1048576K
}
Event: 20.643 GC heap before
{Heap before GC invocations=37 (full 0):
 garbage-first heap   total 184320K, used 139324K [0x0000000080000000, 0x0000000100000000)
  region size 1024K, 62 young (63488K), 5 survivors (5120K)
 Metaspace       used 80743K, capacity 82592K, committed 82816K, reserved 1120256K
  class space    used 10436K, capacity 11103K, committed 11136K, reserved 1048576K
}
Event: 20.681 GC heap after
{Heap after GC invocations=38 (full 0):
 garbage-first heap   total 184320K, used 66068K [0x0000000080000000, 0x0000000100000000)
  region size 1024K, 6 young (6144K), 6 survivors (6144K)
 Metaspace       used 80743K, capacity 82592K, committed 82816K, reserved 1120256K
  class space    used 10436K, capacity 11103K, committed 11136K, reserved 1048576K
}
Event: 23.271 GC heap before
{Heap before GC invocations=38 (full 0):
 garbage-first heap   total 184320K, used 150036K [0x0000000080000000, 0x0000000100000000)
  region size 1024K, 89 young (91136K), 6 survivors (6144K)
 Metaspace       used 86152K, capacity 88199K, committed 88320K, reserved 1126400K
  class space    used 11076K, capacity 11755K, committed 11776K, reserved 1048576K
}
Event: 23.324 GC heap after
{Heap after GC invocations=39 (full 0):
 garbage-first heap   total 184320K, used 69750K [0x0000000080000000, 0x0000000100000000)
  region size 1024K, 10 young (10240K), 10 survivors (10240K)
 Metaspace       used 86152K, capacity 88199K, committed 88320K, reserved 1126400K
  class space    used 11076K, capacity 11755K, committed 11776K, reserved 1048576K
}
Event: 30.252 GC heap before
{Heap before GC invocations=39 (full 0):
 garbage-first heap   total 184320K, used 150646K [0x0000000080000000, 0x0000000100000000)
  region size 1024K, 90 young (92160K), 10 survivors (10240K)
 Metaspace       used 87828K, capacity 89869K, committed 90112K, reserved 1128448K
  class space    used 11226K, capacity 11925K, committed 12032K, reserved 1048576K
}
Event: 30.354 GC heap after
{Heap after GC invocations=40 (full 0):
 garbage-first heap   total 184320K, used 75545K [0x0000000080000000, 0x0000000100000000)
  region size 1024K, 12 young (12288K), 12 survivors (12288K)
 Metaspace       used 87828K, capacity 89869K, committed 90112K, reserved 1128448K
  class space    used 11226K, capacity 11925K, committed 12032K, reserved 1048576K
}
Event: 36.037 GC heap before
{Heap before GC invocations=40 (full 0):
 garbage-first heap   total 184320K, used 150297K [0x0000000080000000, 0x0000000100000000)
  region size 1024K, 86 young (88064K), 12 survivors (12288K)
 Metaspace       used 91799K, capacity 93832K, committed 93952K, reserved 1130496K
  class space    used 11716K, capacity 12429K, committed 12544K, reserved 1048576K
}
Event: 36.313 GC heap after
{Heap after GC invocations=41 (full 0):
 garbage-first heap   total 244736K, used 79323K [0x0000000080000000, 0x0000000100000000)
  region size 1024K, 5 young (5120K), 5 survivors (5120K)
 Metaspace       used 91799K, capacity 93832K, committed 93952K, reserved 1130496K
  class space    used 11716K, capacity 12429K, committed 12544K, reserved 1048576K
}
Event: 108.042 GC heap before
{Heap before GC invocations=41 (full 0):
 garbage-first heap   total 244736K, used 206299K [0x0000000080000000, 0x0000000100000000)
  region size 1024K, 124 young (126976K), 5 survivors (5120K)
 Metaspace       used 103024K, capacity 105409K, committed 105472K, reserved 1140736K
  class space    used 13190K, capacity 14057K, committed 14080K, reserved 1048576K
}
Event: 108.525 GC heap after
{Heap after GC invocations=42 (full 0):
 garbage-first heap   total 244736K, used 91131K [0x0000000080000000, 0x0000000100000000)
  region size 1024K, 13 young (13312K), 13 survivors (13312K)
 Metaspace       used 103024K, capacity 105409K, committed 105472K, reserved 1140736K
  class space    used 13190K, capacity 14057K, committed 14080K, reserved 1048576K
}
Event: 108.792 GC heap before
{Heap before GC invocations=42 (full 0):
 garbage-first heap   total 244736K, used 92155K [0x0000000080000000, 0x0000000100000000)
  region size 1024K, 14 young (14336K), 13 survivors (13312K)
 Metaspace       used 103305K, capacity 105697K, committed 105856K, reserved 1140736K
  class space    used 13223K, capacity 14089K, committed 14208K, reserved 1048576K
}
Event: 108.981 GC heap after
{Heap after GC invocations=43 (full 0):
 garbage-first heap   total 244736K, used 90394K [0x0000000080000000, 0x0000000100000000)
  region size 1024K, 2 young (2048K), 2 survivors (2048K)
 Metaspace       used 103305K, capacity 105697K, committed 105856K, reserved 1140736K
  class space    used 13223K, capacity 14089K, committed 14208K, reserved 1048576K
}
Event: 113.633 GC heap before
{Heap before GC invocations=43 (full 0):
 garbage-first heap   total 244736K, used 175386K [0x0000000080000000, 0x0000000100000000)
  region size 1024K, 86 young (88064K), 2 survivors (2048K)
 Metaspace       used 111738K, capacity 114960K, committed 115072K, reserved 1148928K
  class space    used 14616K, capacity 15901K, committed 16000K, reserved 1048576K
}
Event: 113.878 GC heap after
{Heap after GC invocations=44 (full 0):
 garbage-first heap   total 244736K, used 103632K [0x0000000080000000, 0x0000000100000000)
  region size 1024K, 11 young (11264K), 11 survivors (11264K)
 Metaspace       used 111738K, capacity 114960K, committed 115072K, reserved 1148928K
  class space    used 14616K, capacity 15901K, committed 16000K, reserved 1048576K
}
Event: 114.188 GC heap before
{Heap before GC invocations=44 (full 0):
 garbage-first heap   total 244736K, used 110800K [0x0000000080000000, 0x0000000100000000)
  region size 1024K, 18 young (18432K), 11 survivors (11264K)
 Metaspace       used 112342K, capacity 115629K, committed 115968K, reserved 1148928K
  class space    used 14694K, capacity 16011K, committed 16128K, reserved 1048576K
}

